<?xml version="1.0" encoding="UTF-8"?>
<!-- Generated by org.testng.reporters.JUnitReportReporter -->
<testsuite hostname="DESKTOP-3LAS9CR" failures="0" tests="7" name="runnerPack.TestRunner" time="32.029" errors="0" timestamp="04 Jul 2018 22:51:40 GMT" skipped="0">
  <testcase classname="runnerPack.TestRunner" name="runScenario" time="4.709"/>
  <testcase classname="runnerPack.TestRunner" name="runScenario" time="4.546"/>
  <testcase classname="runnerPack.TestRunner" name="runScenario" time="4.392"/>
  <testcase classname="runnerPack.TestRunner" name="runScenario" time="4.522"/>
  <testcase classname="runnerPack.TestRunner" name="runScenario" time="4.738"/>
  <testcase classname="runnerPack.TestRunner" name="runScenario" time="4.859"/>
  <testcase classname="runnerPack.TestRunner" name="runScenario" time="4.263"/>
</testsuite> <!-- runnerPack.TestRunner -->
