<?xml version="1.0" encoding="UTF-8"?>
<!-- Generated by org.testng.reporters.JUnitReportReporter -->
<testsuite hostname="DESKTOP-3LAS9CR" failures="0" tests="13" name="runnerPack.TestRunner" time="74.068" errors="0" timestamp="17 Jul 2018 00:08:14 GMT" skipped="0">
  <testcase classname="runnerPack.TestRunner" name="runScenario" time="8.175"/>
  <testcase classname="runnerPack.TestRunner" name="runScenario" time="4.149"/>
  <testcase classname="runnerPack.TestRunner" name="runScenario" time="4.790"/>
  <testcase classname="runnerPack.TestRunner" name="runScenario" time="4.733"/>
  <testcase classname="runnerPack.TestRunner" name="runScenario" time="4.674"/>
  <testcase classname="runnerPack.TestRunner" name="runScenario" time="4.231"/>
  <testcase classname="runnerPack.TestRunner" name="runScenario" time="9.205"/>
  <testcase classname="runnerPack.TestRunner" name="runScenario" time="4.562"/>
  <testcase classname="runnerPack.TestRunner" name="runScenario" time="4.929"/>
  <testcase classname="runnerPack.TestRunner" name="runScenario" time="4.570"/>
  <testcase classname="runnerPack.TestRunner" name="runScenario" time="8.070"/>
  <testcase classname="runnerPack.TestRunner" name="runScenario" time="3.935"/>
  <testcase classname="runnerPack.TestRunner" name="runScenario" time="8.045"/>
</testsuite> <!-- runnerPack.TestRunner -->
