<?xml version="1.0" encoding="UTF-8"?>
<!-- Generated by org.testng.reporters.JUnitReportReporter -->
<testsuite hostname="DESKTOP-3LAS9CR" failures="0" tests="7" name="runnerPack.TestRunner" time="33.077" errors="0" timestamp="11 Jul 2018 22:53:50 GMT" skipped="0">
  <testcase classname="runnerPack.TestRunner" name="runScenario" time="4.391"/>
  <testcase classname="runnerPack.TestRunner" name="runScenario" time="4.840"/>
  <testcase classname="runnerPack.TestRunner" name="runScenario" time="4.311"/>
  <testcase classname="runnerPack.TestRunner" name="runScenario" time="4.287"/>
  <testcase classname="runnerPack.TestRunner" name="runScenario" time="4.403"/>
  <testcase classname="runnerPack.TestRunner" name="runScenario" time="6.324"/>
  <testcase classname="runnerPack.TestRunner" name="runScenario" time="4.521"/>
</testsuite> <!-- runnerPack.TestRunner -->
