<?xml version="1.0" encoding="UTF-8"?>
<!-- Generated by org.testng.reporters.JUnitReportReporter -->
<testsuite hostname="DESKTOP-3LAS9CR" failures="0" tests="7" name="runnerPack.TestRunner" time="30.467" errors="0" timestamp="11 Jul 2018 23:23:48 GMT" skipped="0">
  <testcase classname="runnerPack.TestRunner" name="runScenario" time="4.155"/>
  <testcase classname="runnerPack.TestRunner" name="runScenario" time="4.708"/>
  <testcase classname="runnerPack.TestRunner" name="runScenario" time="4.132"/>
  <testcase classname="runnerPack.TestRunner" name="runScenario" time="4.316"/>
  <testcase classname="runnerPack.TestRunner" name="runScenario" time="4.332"/>
  <testcase classname="runnerPack.TestRunner" name="runScenario" time="4.474"/>
  <testcase classname="runnerPack.TestRunner" name="runScenario" time="4.350"/>
</testsuite> <!-- runnerPack.TestRunner -->
