<?xml version="1.0" encoding="UTF-8"?>
<!-- Generated by org.testng.reporters.JUnitReportReporter -->
<testsuite hostname="DESKTOP-3LAS9CR" failures="0" tests="7" name="runnerPack.TestRunner" time="31.310" errors="0" timestamp="09 Jul 2018 23:53:39 GMT" skipped="0">
  <testcase classname="runnerPack.TestRunner" name="runScenario" time="5.343"/>
  <testcase classname="runnerPack.TestRunner" name="runScenario" time="4.330"/>
  <testcase classname="runnerPack.TestRunner" name="runScenario" time="4.257"/>
  <testcase classname="runnerPack.TestRunner" name="runScenario" time="4.318"/>
  <testcase classname="runnerPack.TestRunner" name="runScenario" time="4.319"/>
  <testcase classname="runnerPack.TestRunner" name="runScenario" time="4.229"/>
  <testcase classname="runnerPack.TestRunner" name="runScenario" time="4.514"/>
</testsuite> <!-- runnerPack.TestRunner -->
