<?xml version="1.0" encoding="UTF-8"?>
<!-- Generated by org.testng.reporters.JUnitReportReporter -->
<testsuite hostname="DESKTOP-3LAS9CR" failures="0" tests="7" name="runnerPack.TestRunner" time="35.813" errors="0" timestamp="11 Jul 2018 22:43:46 GMT" skipped="0">
  <testcase classname="runnerPack.TestRunner" name="runScenario" time="6.435"/>
  <testcase classname="runnerPack.TestRunner" name="runScenario" time="4.532"/>
  <testcase classname="runnerPack.TestRunner" name="runScenario" time="5.559"/>
  <testcase classname="runnerPack.TestRunner" name="runScenario" time="4.403"/>
  <testcase classname="runnerPack.TestRunner" name="runScenario" time="4.340"/>
  <testcase classname="runnerPack.TestRunner" name="runScenario" time="6.292"/>
  <testcase classname="runnerPack.TestRunner" name="runScenario" time="4.252"/>
</testsuite> <!-- runnerPack.TestRunner -->
