<?xml version="1.0" encoding="UTF-8"?>
<!-- Generated by org.testng.reporters.JUnitReportReporter -->
<testsuite hostname="DESKTOP-3LAS9CR" failures="0" tests="13" name="runnerPack.TestRunner" time="75.693" errors="0" timestamp="18 Jul 2018 23:44:54 GMT" skipped="0">
  <testcase classname="runnerPack.TestRunner" name="runScenario" time="7.668"/>
  <testcase classname="runnerPack.TestRunner" name="runScenario" time="7.634"/>
  <testcase classname="runnerPack.TestRunner" name="runScenario" time="3.861"/>
  <testcase classname="runnerPack.TestRunner" name="runScenario" time="10.604"/>
  <testcase classname="runnerPack.TestRunner" name="runScenario" time="4.252"/>
  <testcase classname="runnerPack.TestRunner" name="runScenario" time="3.688"/>
  <testcase classname="runnerPack.TestRunner" name="runScenario" time="4.312"/>
  <testcase classname="runnerPack.TestRunner" name="runScenario" time="6.823"/>
  <testcase classname="runnerPack.TestRunner" name="runScenario" time="4.179"/>
  <testcase classname="runnerPack.TestRunner" name="runScenario" time="5.888"/>
  <testcase classname="runnerPack.TestRunner" name="runScenario" time="7.972"/>
  <testcase classname="runnerPack.TestRunner" name="runScenario" time="4.440"/>
  <testcase classname="runnerPack.TestRunner" name="runScenario" time="4.372"/>
</testsuite> <!-- runnerPack.TestRunner -->
